[2019-04-14T22:10:29.069] [ERROR] cheese - { code: 1, message: 'node-fetch和后端通讯异常❎', data: [] }
[2019-04-14T22:11:06.280] [ERROR] cheese - { code: 1, message: 'node-fetch和后端通讯异常❎', data: [] }
[2019-04-14T22:11:46.345] [ERROR] cheese - { code: 1, message: 'node-fetch和后端通讯异常❎', data: [] }
[2019-04-14T22:12:43.533] [ERROR] cheese - { code: 1, message: 'node-fetch和后端通讯异常❎', data: [] }
[2019-04-14T22:13:31.124] [ERROR] cheese - { code: 1, message: 'node-fetch和后端通讯异常❎', data: [] }
[2019-04-14T22:14:18.715] [ERROR] cheese - { code: 1, message: 'node-fetch和后端通讯异常❎', data: [] }
[2019-04-14T22:14:31.510] [ERROR] cheese - { code: 1, message: 'node-fetch和后端通讯异常❎', data: [] }
[2019-04-14T22:15:40.978] [ERROR] cheese - { code: 1, message: 'node-fetch和后端通讯异常❎', data: [] }
[2019-04-14T22:15:53.568] [ERROR] cheese - { code: 1, message: 'node-fetch和后端通讯异常❎', data: [] }
[2019-04-14T22:23:35.996] [ERROR] cheese - ReferenceError: body is not defined
    at SafeRequest.fetch (/Users/yuanzhijia/Desktop/yd-books/utils/SafeRequest.js:16:41)
    at Index.saveData (/Users/yuanzhijia/Desktop/yd-books/models/Index.js:38:28)
    at /Users/yuanzhijia/Desktop/yd-books/controllers/IndexController.js:29:40
    at dispatch (/Users/yuanzhijia/Desktop/yd-books/node_modules/_koa-simple-router@0.2.0@koa-simple-router/index.js:186:18)
    at Router._lookup (/Users/yuanzhijia/Desktop/yd-books/node_modules/_koa-simple-router@0.2.0@koa-simple-router/index.js:198:12)
    at /Users/yuanzhijia/Desktop/yd-books/node_modules/_koa-simple-router@0.2.0@koa-simple-router/index.js:138:21
    at dispatch (/Users/yuanzhijia/Desktop/yd-books/node_modules/_koa-compose@4.1.0@koa-compose/index.js:42:32)
    at app.use (/Users/yuanzhijia/Desktop/yd-books/middleware/errorHandler.js:15:19)
    at dispatch (/Users/yuanzhijia/Desktop/yd-books/node_modules/_koa-compose@4.1.0@koa-compose/index.js:42:32)
    at app.use (/Users/yuanzhijia/Desktop/yd-books/middleware/errorHandler.js:5:23)
[2019-04-18T11:29:30.218] [ERROR] cheese - { code: 1, message: 'node-fetch和后端通讯异常❎', data: [] }
[2019-04-18T11:35:40.150] [ERROR] cheese - { code: 1, message: 'node-fetch和后端通讯异常❎', data: [] }
[2019-04-18T11:35:40.954] [ERROR] cheese - { code: 1, message: 'node-fetch和后端通讯异常❎', data: [] }
[2019-04-18T11:35:41.606] [ERROR] cheese - { code: 1, message: 'node-fetch和后端通讯异常❎', data: [] }
[2019-04-18T11:36:40.375] [ERROR] cheese - { code: 1, message: 'node-fetch和后端通讯异常❎', data: [] }
[2019-04-18T11:36:41.008] [ERROR] cheese - { code: 1, message: 'node-fetch和后端通讯异常❎', data: [] }
[2019-04-18T11:36:41.607] [ERROR] cheese - { code: 1, message: 'node-fetch和后端通讯异常❎', data: [] }
[2019-04-18T11:36:41.996] [ERROR] cheese - { code: 1, message: 'node-fetch和后端通讯异常❎', data: [] }
